<?xml version="1.0" encoding="UTF-8"?>
<!-- Generated by org.testng.reporters.JUnitReportReporter -->
<testsuite hostname="Lenovo-PC" name="WD_Training.Data_Prov_Test1" tests="2" failures="0" timestamp="15 Jul 2016 08:16:40 GMT" time="2.594" errors="0">
  <testcase name="Login" time="1.197" classname="WD_Training.Data_Prov_Test1"/>
  <testcase name="Login" time="1.397" classname="WD_Training.Data_Prov_Test1"/>
</testsuite> <!-- WD_Training.Data_Prov_Test1 -->
