<?xml version="1.0" encoding="UTF-8"?>
<!-- Generated by org.testng.reporters.JUnitReportReporter -->
<testsuite hostname="Lenovo-PC" name="WD_Training.Suite_Test1" tests="3" failures="0" timestamp="15 Jul 2016 03:20:24 GMT" time="3.091" errors="0">
  <testcase name="Register" time="0.907" classname="WD_Training.Suite_Test1"/>
  <testcase name="Login" time="1.215" classname="WD_Training.Suite_Test1"/>
  <testcase name="Home" time="0.969" classname="WD_Training.Suite_Test1"/>
</testsuite> <!-- WD_Training.Suite_Test1 -->
