<?xml version="1.0" encoding="UTF-8"?>
<!-- Generated by org.testng.reporters.JUnitReportReporter -->
<testsuite hostname="VijayMalu" name="WD_Training.Suite_Test1" tests="3" failures="0" timestamp="15 Jul 2016 16:07:24 GMT" time="3.967" errors="0">
  <testcase name="Register" time="1.334" classname="WD_Training.Suite_Test1"/>
  <testcase name="Login" time="1.636" classname="WD_Training.Suite_Test1"/>
  <testcase name="Home" time="0.997" classname="WD_Training.Suite_Test1"/>
</testsuite> <!-- WD_Training.Suite_Test1 -->
