<?xml version="1.0" encoding="UTF-8"?>
<!-- Generated by org.testng.reporters.JUnitReportReporter -->
<testsuite hostname="VijayMalu" name="WD_Training.Data_Prov_Test1" tests="2" failures="0" timestamp="15 Jul 2016 16:10:20 GMT" time="3.728" errors="0">
  <testcase name="Login" time="1.559" classname="WD_Training.Data_Prov_Test1"/>
  <testcase name="Login" time="2.169" classname="WD_Training.Data_Prov_Test1"/>
</testsuite> <!-- WD_Training.Data_Prov_Test1 -->
