<?xml version="1.0" encoding="UTF-8"?>
<!-- Generated by org.testng.reporters.JUnitReportReporter -->
<testsuite hostname="Lenovo-PC" name="WD_Training.TestNG_Test1" tests="2" failures="0" timestamp="14 Jul 2016 08:11:16 GMT" time="3.885" errors="0">
  <testcase name="Login" time="2.249" classname="WD_Training.TestNG_Test1"/>
  <testcase name="Register" time="1.636" classname="WD_Training.TestNG_Test1"/>
</testsuite> <!-- WD_Training.TestNG_Test1 -->
