<?xml version="1.0" encoding="UTF-8"?>
<!-- Generated by org.testng.reporters.JUnitReportReporter -->
<testsuite hostname="VijayMalu" name="WD_Training.TestNG_Test1" tests="2" failures="0" timestamp="15 Jul 2016 16:26:29 GMT" time="2.710" errors="0">
  <testcase name="Login" time="1.532" classname="WD_Training.TestNG_Test1"/>
  <testcase name="Register" time="1.178" classname="WD_Training.TestNG_Test1"/>
</testsuite> <!-- WD_Training.TestNG_Test1 -->
